Build started 12/16/2015 10:30:22 AM.
     1>Project "C:\Users\marrih152\Documents\Visual Studio 2013\Projects\Computer Graphics\Lab 4\Lab 4\Lab 4.vcxproj" on node 2 (Build target(s)).
     1>ClCompile:
         C:\Program Files (x86)\Microsoft Visual Studio 12.0\VC\bin\x86_amd64\CL.exe /c /I"C:\Users\marrih152\Documents\Visual Studio 2013\glm" /I"C:\Users\marrih152\Documents\Visual Studio 2013\glew-1.11.0\include" /I"C:\Users\marrih152\Documents\Visual Studio 2013\SDL_image-1.2.12\include" /I"C:\Users\marrih152\Documents\Visual Studio 2013\SDL-1.2.15\include" /Zi /nologo /W3 /WX- /sdl /O2 /Oi /GL /D _CRT_SECURE_NO_WARNINGS /D USE_STANDARD_FILE_FUNCTIONS /D _MBCS /Gm- /EHsc /MD /GS /Gy /fp:precise /Zc:wchar_t /Zc:forScope /openmp /Fo"x64\Release\\" /Fd"x64\Release\vc120.pdb" /Gd /TP /errorReport:prompt "..\..\..\..\..\Computer Graphics\Labs\Lab 4\material.cc"
         material.cc
       Link:
         C:\Program Files (x86)\Microsoft Visual Studio 12.0\VC\bin\x86_amd64\link.exe /ERRORREPORT:PROMPT /OUT:"C:\Users\marrih152\Documents\Visual Studio 2013\Projects\Computer Graphics\Lab 4\x64\Release\Lab 4.exe" /NOLOGO /LIBPATH:"C:\Users\marrih152\Documents\Visual Studio 2013\SDL-1.2.15\lib\x64" /LIBPATH:"C:\Users\marrih152\Documents\Visual Studio 2013\SDL_image-1.2.12\lib\x64" /LIBPATH:"C:\Users\marrih152\Documents\Visual Studio 2013\glew-1.11.0\lib\Release\x64" opengl32.lib glu32.lib SDL.lib SDL_image.lib SDLmain.lib glew32.lib kernel32.lib user32.lib gdi32.lib winspool.lib comdlg32.lib advapi32.lib shell32.lib ole32.lib oleaut32.lib uuid.lib odbc32.lib odbccp32.lib /MANIFEST /MANIFESTUAC:"level='asInvoker' uiAccess='false'" /manifest:embed /DEBUG /PDB:"C:\Users\marrih152\Documents\Visual Studio 2013\Projects\Computer Graphics\Lab 4\x64\Release\Lab 4.pdb" /SUBSYSTEM:CONSOLE /OPT:REF /OPT:ICF /LTCG /TLBID:1 /DYNAMICBASE /NXCOMPAT /IMPLIB:"C:\Users\marrih152\Documents\Visual Studio 2013\Projects\Computer Graphics\Lab 4\x64\Release\Lab 4.lib" /MACHINE:X64 x64\Release\camera.obj
         x64\Release\cone.obj
         x64\Release\csg.obj
         x64\Release\light.obj
         x64\Release\main.obj
         x64\Release\material.obj
         x64\Release\noise.obj
         x64\Release\object.obj
         x64\Release\plane.obj
         x64\Release\raytracer.obj
         x64\Release\referenced.obj
         x64\Release\sphere.obj
         x64\Release\transform.obj
         x64\Release\vector.obj
         Generating code
         Finished generating code
         Lab 4.vcxproj -> C:\Users\marrih152\Documents\Visual Studio 2013\Projects\Computer Graphics\Lab 4\x64\Release\Lab 4.exe
     1>Done Building Project "C:\Users\marrih152\Documents\Visual Studio 2013\Projects\Computer Graphics\Lab 4\Lab 4\Lab 4.vcxproj" (Build target(s)).

Build succeeded.

Time Elapsed 00:00:02.69
