Build started 12/4/2015 10:01:59 AM.
     1>Project "C:\Users\marrih152\Documents\Visual Studio 2013\Projects\Computer Graphics\Lab 3\Lab 3\Lab 3.vcxproj" on node 2 (Build target(s)).
     1>ClCompile:
         C:\Program Files (x86)\Microsoft Visual Studio 12.0\VC\bin\x86_amd64\CL.exe /c /I"C:\Users\marrih152\Documents\Visual Studio 2013\glm" /I"C:\Users\marrih152\Documents\Visual Studio 2013\glew-1.11.0\include" /I"C:\Users\marrih152\Documents\Visual Studio 2013\SDL_image-1.2.12\include" /I"C:\Users\marrih152\Documents\Visual Studio 2013\SDL-1.2.15\include" /Zi /nologo /W3 /WX- /sdl /Od /D _CRT_SECURE_NO_WARNINGS /D USE_STANDARD_FILE_FUNCTIONS /D _MBCS /D _MBCS /Gm /EHsc /RTC1 /MDd /GS /fp:precise /Zc:wchar_t /Zc:forScope /Fo"x64\Debug\\" /Fd"x64\Debug\vc120.pdb" /Gd /TP /errorReport:prompt "..\..\..\..\..\Computer Graphics\Labs\Lab 3\main.cc"
         main.cc
     1>..\..\..\..\..\Computer Graphics\Labs\Lab 3\main.cc(150): warning C4267: '=' : conversion from 'size_t' to 'unsigned int', possible loss of data
     1>..\..\..\..\..\Computer Graphics\Labs\Lab 3\main.cc(158): warning C4267: '=' : conversion from 'size_t' to 'unsigned int', possible loss of data
     1>..\..\..\..\..\Computer Graphics\Labs\Lab 3\main.cc(247): warning C4244: 'initializing' : conversion from 'int' to 'float', possible loss of data
     1>..\..\..\..\..\Computer Graphics\Labs\Lab 3\main.cc(270): warning C4244: 'initializing' : conversion from 'double' to 'GLfloat', possible loss of data
     1>..\..\..\..\..\Computer Graphics\Labs\Lab 3\main.cc(320): warning C4267: 'argument' : conversion from 'size_t' to 'GLsizei', possible loss of data
     1>..\..\..\..\..\Computer Graphics\Labs\Lab 3\main.cc(323): warning C4267: 'argument' : conversion from 'size_t' to 'GLsizei', possible loss of data
     1>..\..\..\..\..\Computer Graphics\Labs\Lab 3\main.cc(335): warning C4060: switch statement contains no 'case' or 'default' labels
     1>c:\users\marrih152\documents\computer graphics\labs\lab 3\main.cc(415): warning C4715: 'SDL_main' : not all control paths return a value
       Link:
         C:\Program Files (x86)\Microsoft Visual Studio 12.0\VC\bin\x86_amd64\link.exe /ERRORREPORT:PROMPT /OUT:"C:\Users\marrih152\Documents\Visual Studio 2013\Projects\Computer Graphics\Lab 3\x64\Debug\Lab 3.exe" /INCREMENTAL /NOLOGO /LIBPATH:"C:\Users\marrih152\Documents\Visual Studio 2013\SDL-1.2.15\lib\x64" /LIBPATH:"C:\Users\marrih152\Documents\Visual Studio 2013\SDL_image-1.2.12\lib\x64" /LIBPATH:"C:\Users\marrih152\Documents\Visual Studio 2013\glew-1.11.0\lib\Release\x64" kernel32.lib user32.lib gdi32.lib winspool.lib comdlg32.lib advapi32.lib shell32.lib ole32.lib oleaut32.lib uuid.lib odbc32.lib odbccp32.lib opengl32.lib glu32.lib SDL.lib SDL_image.lib SDLmain.lib glew32.lib kernel32.lib user32.lib gdi32.lib winspool.lib comdlg32.lib advapi32.lib shell32.lib ole32.lib oleaut32.lib uuid.lib odbc32.lib odbccp32.lib /MANIFEST /MANIFESTUAC:"level='asInvoker' uiAccess='false'" /manifest:embed /DEBUG /PDB:"C:\Users\marrih152\Documents\Visual Studio 2013\Projects\Computer Graphics\Lab 3\x64\Debug\Lab 3.pdb" /SUBSYSTEM:CONSOLE /TLBID:1 /DYNAMICBASE /NXCOMPAT /IMPLIB:"C:\Users\marrih152\Documents\Visual Studio 2013\Projects\Computer Graphics\Lab 3\x64\Debug\Lab 3.lib" /MACHINE:X64 x64\Debug\glUtil.obj
         x64\Debug\main.obj
         Lab 3.vcxproj -> C:\Users\marrih152\Documents\Visual Studio 2013\Projects\Computer Graphics\Lab 3\x64\Debug\Lab 3.exe
     1>Done Building Project "C:\Users\marrih152\Documents\Visual Studio 2013\Projects\Computer Graphics\Lab 3\Lab 3\Lab 3.vcxproj" (Build target(s)).

Build succeeded.

Time Elapsed 00:00:01.31
